# JRE version: OpenJDK Runtime Environment Temurin-21.0.9+10 (21.0.9+10) (build 21.0.9+10-LTS)
# Java VM: OpenJDK 64-Bit Server VM Temurin-21.0.9+10 (21.0.9+10-LTS, mixed mode, sharing, tiered, compressed oops, compressed class ptrs, g1 gc, windows-amd64)
GC Precious Log:
 CardTable entry size: 512
 Card Set container configuration: InlinePtr #cards 4 size 8 Array Of Cards #cards 16 size 48 Howl #buckets 8 coarsen threshold 3686 Howl Bitmap #cards 512 size 80 coarsen threshold 460 Card regions per heap region 1 cards per card region 4096
 CPUs: 14 total, 14 available
 Memory: 15849M
 Large Page Support: Disabled
 NUMA Support: Disabled
 Compressed Oops: Enabled (Zero based)
 Heap Region Size: 2M
 Heap Min Capacity: 8M
 Heap Initial Capacity: 248M
 Heap Max Capacity: 3964M
 Pre-touch: Disabled
 Parallel Workers: 11
 Concurrent Workers: 3
 Concurrent Refinement Workers: 11
 Periodic GC: Disabled
Heap:
 garbage-first heap   total 192512K, used 120445K [0x0000000708400000, 0x0000000800000000)
  region size 2048K, 23 young (47104K), 5 survivors (10240K)
 Metaspace       used 104717K, committed 105856K, reserved 1179648K
  class space    used 14208K, committed 14720K, reserved 1048576K
GC Heap History (20 events):
Event: 1157.894 GC heap after
{Heap after GC invocations=68 (full 6):
 garbage-first heap   total 159744K, used 76937K [0x0000000708400000, 0x0000000800000000)
  region size 2048K, 3 young (6144K), 3 survivors (6144K)
 Metaspace       used 102634K, committed 103744K, reserved 1179648K
  class space    used 14029K, committed 14528K, reserved 1048576K
}
Event: 1161.373 GC heap before
{Heap before GC invocations=68 (full 6):
 garbage-first heap   total 159744K, used 91273K [0x0000000708400000, 0x0000000800000000)
  region size 2048K, 11 young (22528K), 3 survivors (6144K)
 Metaspace       used 102664K, committed 103808K, reserved 1179648K
  class space    used 14030K, committed 14528K, reserved 1048576K
}
Event: 1161.442 GC heap after
{Heap after GC invocations=69 (full 7):
 garbage-first heap   total 159744K, used 71514K [0x0000000708400000, 0x0000000800000000)
  region size 2048K, 0 young (0K), 0 survivors (0K)
 Metaspace       used 102664K, committed 103808K, reserved 1179648K
  class space    used 14030K, committed 14528K, reserved 1048576K
}
Event: 1161.495 GC heap before
{Heap before GC invocations=69 (full 7):
 garbage-first heap   total 159744K, used 77658K [0x0000000708400000, 0x0000000800000000)
  region size 2048K, 5 young (10240K), 0 survivors (0K)
 Metaspace       used 102677K, committed 103808K, reserved 1179648K
  class space    used 14030K, committed 14528K, reserved 1048576K
}
Event: 1161.497 GC heap after
{Heap after GC invocations=70 (full 7):
 garbage-first heap   total 159744K, used 73903K [0x0000000708400000, 0x0000000800000000)
  region size 2048K, 2 young (4096K), 2 survivors (4096K)
 Metaspace       used 102677K, committed 103808K, reserved 1179648K
  class space    used 14030K, committed 14528K, reserved 1048576K
}
Event: 1162.026 GC heap before
{Heap before GC invocations=71 (full 7):
 garbage-first heap   total 159744K, used 141487K [0x0000000708400000, 0x0000000800000000)
  region size 2048K, 31 young (63488K), 2 survivors (4096K)
 Metaspace       used 102736K, committed 103808K, reserved 1179648K
  class space    used 14038K, committed 14528K, reserved 1048576K
}
Event: 1162.032 GC heap after
{Heap after GC invocations=72 (full 7):
 garbage-first heap   total 159744K, used 76216K [0x0000000708400000, 0x0000000800000000)
  region size 2048K, 3 young (6144K), 3 survivors (6144K)
 Metaspace       used 102736K, committed 103808K, reserved 1179648K
  class space    used 14038K, committed 14528K, reserved 1048576K
}
Event: 1162.596 GC heap before
{Heap before GC invocations=72 (full 7):
 garbage-first heap   total 159744K, used 133560K [0x0000000708400000, 0x0000000800000000)
  region size 2048K, 32 young (65536K), 3 survivors (6144K)
 Metaspace       used 103154K, committed 104256K, reserved 1179648K
  class space    used 14059K, committed 14592K, reserved 1048576K
}
Event: 1162.603 GC heap after
{Heap after GC invocations=73 (full 7):
 garbage-first heap   total 192512K, used 79809K [0x0000000708400000, 0x0000000800000000)
  region size 2048K, 4 young (8192K), 4 survivors (8192K)
 Metaspace       used 103154K, committed 104256K, reserved 1179648K
  class space    used 14059K, committed 14592K, reserved 1048576K
}
Event: 1207.312 GC heap before
{Heap before GC invocations=73 (full 7):
 garbage-first heap   total 192512K, used 165825K [0x0000000708400000, 0x0000000800000000)
  region size 2048K, 46 young (94208K), 4 survivors (8192K)
 Metaspace       used 104120K, committed 105216K, reserved 1179648K
  class space    used 14173K, committed 14656K, reserved 1048576K
}
Event: 1207.319 GC heap after
{Heap after GC invocations=74 (full 7):
 garbage-first heap   total 192512K, used 80355K [0x0000000708400000, 0x0000000800000000)
  region size 2048K, 3 young (6144K), 3 survivors (6144K)
 Metaspace       used 104120K, committed 105216K, reserved 1179648K
  class space    used 14173K, committed 14656K, reserved 1048576K
}
Event: 1244.252 GC heap before
{Heap before GC invocations=74 (full 7):
 garbage-first heap   total 192512K, used 84451K [0x0000000708400000, 0x0000000800000000)
  region size 2048K, 6 young (12288K), 3 survivors (6144K)
 Metaspace       used 104130K, committed 105280K, reserved 1179648K
  class space    used 14174K, committed 14720K, reserved 1048576K
}
Event: 1244.341 GC heap after
{Heap after GC invocations=75 (full 8):
 garbage-first heap   total 192512K, used 76206K [0x0000000708400000, 0x0000000800000000)
  region size 2048K, 0 young (0K), 0 survivors (0K)
 Metaspace       used 104130K, committed 105280K, reserved 1179648K
  class space    used 14174K, committed 14720K, reserved 1048576K
}
Event: 1244.403 GC heap before
{Heap before GC invocations=75 (full 8):
 garbage-first heap   total 192512K, used 82350K [0x0000000708400000, 0x0000000800000000)
  region size 2048K, 5 young (10240K), 0 survivors (0K)
 Metaspace       used 104186K, committed 105344K, reserved 1179648K
  class space    used 14174K, committed 14720K, reserved 1048576K
}
Event: 1244.405 GC heap after
{Heap after GC invocations=76 (full 8):
 garbage-first heap   total 192512K, used 78565K [0x0000000708400000, 0x0000000800000000)
  region size 2048K, 2 young (4096K), 2 survivors (4096K)
 Metaspace       used 104186K, committed 105344K, reserved 1179648K
  class space    used 14174K, committed 14720K, reserved 1048576K
}
Event: 1245.010 GC heap before
{Heap before GC invocations=77 (full 8):
 garbage-first heap   total 192512K, used 168677K [0x0000000708400000, 0x0000000800000000)
  region size 2048K, 42 young (86016K), 2 survivors (4096K)
 Metaspace       used 104287K, committed 105408K, reserved 1179648K
  class space    used 14186K, committed 14720K, reserved 1048576K
}
Event: 1245.015 GC heap after
{Heap after GC invocations=78 (full 8):
 garbage-first heap   total 192512K, used 82029K [0x0000000708400000, 0x0000000800000000)
  region size 2048K, 3 young (6144K), 3 survivors (6144K)
 Metaspace       used 104287K, committed 105408K, reserved 1179648K
  class space    used 14186K, committed 14720K, reserved 1048576K
}
Event: 1245.454 GC heap before
{Heap before GC invocations=78 (full 8):
 garbage-first heap   total 192512K, used 163949K [0x0000000708400000, 0x0000000800000000)
  region size 2048K, 43 young (88064K), 3 survivors (6144K)
 Metaspace       used 104668K, committed 105856K, reserved 1179648K
  class space    used 14208K, committed 14720K, reserved 1048576K
}
Event: 1245.459 GC heap after
{Heap after GC invocations=79 (full 8):
 garbage-first heap   total 192512K, used 85629K [0x0000000708400000, 0x0000000800000000)
  region size 2048K, 5 young (10240K), 5 survivors (10240K)
 Metaspace       used 104668K, committed 105856K, reserved 1179648K
  class space    used 14208K, committed 14720K, reserved 1048576K
}
Event: 1251.083 GC heap before
{Heap before GC invocations=79 (full 8):
 garbage-first heap   total 192512K, used 120445K [0x0000000708400000, 0x0000000800000000)
  region size 2048K, 23 young (47104K), 5 survivors (10240K)
 Metaspace       used 104717K, committed 105856K, reserved 1179648K
  class space    used 14208K, committed 14720K, reserved 1048576K
}

