# JRE version: OpenJDK Runtime Environment Temurin-21.0.9+10 (21.0.9+10) (build 21.0.9+10-LTS)
# Java VM: OpenJDK 64-Bit Server VM Temurin-21.0.9+10 (21.0.9+10-LTS, mixed mode, sharing, tiered, compressed oops, compressed class ptrs, g1 gc, windows-amd64)
GC Precious Log:
 CardTable entry size: 512
 Card Set container configuration: InlinePtr #cards 4 size 8 Array Of Cards #cards 16 size 48 Howl #buckets 8 coarsen threshold 3686 Howl Bitmap #cards 512 size 80 coarsen threshold 460 Card regions per heap region 1 cards per card region 4096
 CPUs: 14 total, 14 available
 Memory: 15849M
 Large Page Support: Disabled
 NUMA Support: Disabled
 Compressed Oops: Enabled (Zero based)
 Heap Region Size: 2M
 Heap Min Capacity: 8M
 Heap Initial Capacity: 248M
 Heap Max Capacity: 3964M
 Pre-touch: Disabled
 Parallel Workers: 11
 Concurrent Workers: 3
 Concurrent Refinement Workers: 11
 Periodic GC: Disabled
Heap:
 garbage-first heap   total 184320K, used 84296K [0x0000000708400000, 0x0000000800000000)
  region size 2048K, 6 young (12288K), 3 survivors (6144K)
 Metaspace       used 100005K, committed 101184K, reserved 1179648K
  class space    used 13534K, committed 14080K, reserved 1048576K
GC Heap History (20 events):
Event: 808.494 GC heap after
{Heap after GC invocations=57 (full 6):
 garbage-first heap   total 184320K, used 65345K [0x0000000708400000, 0x0000000800000000)
  region size 2048K, 0 young (0K), 0 survivors (0K)
 Metaspace       used 98747K, committed 99776K, reserved 1179648K
  class space    used 13468K, committed 13952K, reserved 1048576K
}
Event: 808.559 GC heap before
{Heap before GC invocations=57 (full 6):
 garbage-first heap   total 184320K, used 71489K [0x0000000708400000, 0x0000000800000000)
  region size 2048K, 5 young (10240K), 0 survivors (0K)
 Metaspace       used 98757K, committed 99776K, reserved 1179648K
  class space    used 13469K, committed 13952K, reserved 1048576K
}
Event: 808.562 GC heap after
{Heap after GC invocations=58 (full 6):
 garbage-first heap   total 184320K, used 67562K [0x0000000708400000, 0x0000000800000000)
  region size 2048K, 2 young (4096K), 2 survivors (4096K)
 Metaspace       used 98757K, committed 99776K, reserved 1179648K
  class space    used 13469K, committed 13952K, reserved 1048576K
}
Event: 809.275 GC heap before
{Heap before GC invocations=59 (full 6):
 garbage-first heap   total 184320K, used 157674K [0x0000000708400000, 0x0000000800000000)
  region size 2048K, 42 young (86016K), 2 survivors (4096K)
 Metaspace       used 98870K, committed 99968K, reserved 1179648K
  class space    used 13477K, committed 14016K, reserved 1048576K
}
Event: 809.280 GC heap after
{Heap after GC invocations=60 (full 6):
 garbage-first heap   total 184320K, used 71398K [0x0000000708400000, 0x0000000800000000)
  region size 2048K, 3 young (6144K), 3 survivors (6144K)
 Metaspace       used 98870K, committed 99968K, reserved 1179648K
  class space    used 13477K, committed 14016K, reserved 1048576K
}
Event: 809.882 GC heap before
{Heap before GC invocations=60 (full 6):
 garbage-first heap   total 184320K, used 153318K [0x0000000708400000, 0x0000000800000000)
  region size 2048K, 44 young (90112K), 3 survivors (6144K)
 Metaspace       used 99213K, committed 100288K, reserved 1179648K
  class space    used 13494K, committed 14016K, reserved 1048576K
}
Event: 809.889 GC heap after
{Heap after GC invocations=61 (full 6):
 garbage-first heap   total 184320K, used 74802K [0x0000000708400000, 0x0000000800000000)
  region size 2048K, 5 young (10240K), 5 survivors (10240K)
 Metaspace       used 99213K, committed 100288K, reserved 1179648K
  class space    used 13494K, committed 14016K, reserved 1048576K
}
Event: 822.658 GC heap before
{Heap before GC invocations=61 (full 6):
 garbage-first heap   total 184320K, used 105522K [0x0000000708400000, 0x0000000800000000)
  region size 2048K, 21 young (43008K), 5 survivors (10240K)
 Metaspace       used 99271K, committed 100352K, reserved 1179648K
  class space    used 13497K, committed 14016K, reserved 1048576K
}
Event: 822.733 GC heap after
{Heap after GC invocations=62 (full 7):
 garbage-first heap   total 184320K, used 69827K [0x0000000708400000, 0x0000000800000000)
  region size 2048K, 0 young (0K), 0 survivors (0K)
 Metaspace       used 99271K, committed 100352K, reserved 1179648K
  class space    used 13497K, committed 14016K, reserved 1048576K
}
Event: 822.806 GC heap before
{Heap before GC invocations=62 (full 7):
 garbage-first heap   total 184320K, used 78019K [0x0000000708400000, 0x0000000800000000)
  region size 2048K, 5 young (10240K), 0 survivors (0K)
 Metaspace       used 99300K, committed 100416K, reserved 1179648K
  class space    used 13497K, committed 14016K, reserved 1048576K
}
Event: 822.807 GC heap after
{Heap after GC invocations=63 (full 7):
 garbage-first heap   total 184320K, used 72354K [0x0000000708400000, 0x0000000800000000)
  region size 2048K, 2 young (4096K), 2 survivors (4096K)
 Metaspace       used 99300K, committed 100416K, reserved 1179648K
  class space    used 13497K, committed 14016K, reserved 1048576K
}
Event: 823.559 GC heap before
{Heap before GC invocations=64 (full 7):
 garbage-first heap   total 184320K, used 158370K [0x0000000708400000, 0x0000000800000000)
  region size 2048K, 40 young (81920K), 2 survivors (4096K)
 Metaspace       used 99382K, committed 100480K, reserved 1179648K
  class space    used 13505K, committed 14016K, reserved 1048576K
}
Event: 823.565 GC heap after
{Heap after GC invocations=65 (full 7):
 garbage-first heap   total 184320K, used 77085K [0x0000000708400000, 0x0000000800000000)
  region size 2048K, 4 young (8192K), 4 survivors (8192K)
 Metaspace       used 99382K, committed 100480K, reserved 1179648K
  class space    used 13505K, committed 14016K, reserved 1048576K
}
Event: 824.166 GC heap before
{Heap before GC invocations=65 (full 7):
 garbage-first heap   total 184320K, used 152861K [0x0000000708400000, 0x0000000800000000)
  region size 2048K, 41 young (83968K), 4 survivors (8192K)
 Metaspace       used 99804K, committed 100928K, reserved 1179648K
  class space    used 13524K, committed 14080K, reserved 1048576K
}
Event: 824.170 GC heap after
{Heap after GC invocations=66 (full 7):
 garbage-first heap   total 184320K, used 78846K [0x0000000708400000, 0x0000000800000000)
  region size 2048K, 5 young (10240K), 5 survivors (10240K)
 Metaspace       used 99804K, committed 100928K, reserved 1179648K
  class space    used 13524K, committed 14080K, reserved 1048576K
}
Event: 829.846 GC heap before
{Heap before GC invocations=66 (full 7):
 garbage-first heap   total 184320K, used 121854K [0x0000000708400000, 0x0000000800000000)
  region size 2048K, 27 young (55296K), 5 survivors (10240K)
 Metaspace       used 99869K, committed 100992K, reserved 1179648K
  class space    used 13526K, committed 14080K, reserved 1048576K
}
Event: 829.914 GC heap after
{Heap after GC invocations=67 (full 8):
 garbage-first heap   total 184320K, used 74306K [0x0000000708400000, 0x0000000800000000)
  region size 2048K, 0 young (0K), 0 survivors (0K)
 Metaspace       used 99869K, committed 100992K, reserved 1179648K
  class space    used 13526K, committed 14080K, reserved 1048576K
}
Event: 829.980 GC heap before
{Heap before GC invocations=67 (full 8):
 garbage-first heap   total 184320K, used 80450K [0x0000000708400000, 0x0000000800000000)
  region size 2048K, 5 young (10240K), 0 survivors (0K)
 Metaspace       used 99929K, committed 101056K, reserved 1179648K
  class space    used 13527K, committed 14080K, reserved 1048576K
}
Event: 829.982 GC heap after
{Heap after GC invocations=68 (full 8):
 garbage-first heap   total 184320K, used 76809K [0x0000000708400000, 0x0000000800000000)
  region size 2048K, 2 young (4096K), 2 survivors (4096K)
 Metaspace       used 99929K, committed 101056K, reserved 1179648K
  class space    used 13527K, committed 14080K, reserved 1048576K
}
Event: 830.632 GC heap before
{Heap before GC invocations=69 (full 8):
 garbage-first heap   total 184320K, used 158729K [0x0000000708400000, 0x0000000800000000)
  region size 2048K, 38 young (77824K), 2 survivors (4096K)
 Metaspace       used 100002K, committed 101184K, reserved 1179648K
  class space    used 13534K, committed 14080K, reserved 1048576K
}

